0 info it worked if it ends with ok
1 verbose cli [ '/usr/local/Cellar/node/7.7.3/bin/node',
1 verbose cli   '/usr/local/bin/npm',
1 verbose cli   'run',
1 verbose cli   'deploy' ]
2 info using npm@4.1.2
3 info using node@v7.7.3
4 verbose run-script [ 'predeploy', 'deploy', 'postdeploy' ]
5 info lifecycle AGEM@1.0.0~predeploy: AGEM@1.0.0
6 silly lifecycle AGEM@1.0.0~predeploy: no script for predeploy, continuing
7 info lifecycle AGEM@1.0.0~deploy: AGEM@1.0.0
8 verbose lifecycle AGEM@1.0.0~deploy: unsafe-perm in lifecycle true
9 verbose lifecycle AGEM@1.0.0~deploy: PATH: /usr/local/lib/node_modules/npm/bin/node-gyp-bin:/Users/pagem/Documents/workspace/agem/node_modules/.bin:/Users/pagem/perl5/bin:/usr/local/sbin:/usr/local/bin:/usr/bin:/bin:/usr/sbin:/sbin:/opt/X11/bin:/usr/local/munki:/usr/texbin
10 verbose lifecycle AGEM@1.0.0~deploy: CWD: /Users/pagem/Documents/workspace/agem
11 silly lifecycle AGEM@1.0.0~deploy: Args: [ '-c', 'webpack --config webpack.production.config.js' ]
12 silly lifecycle AGEM@1.0.0~deploy: Returned: code: 2  signal: null
13 info lifecycle AGEM@1.0.0~deploy: Failed to exec deploy script
14 verbose stack Error: AGEM@1.0.0 deploy: `webpack --config webpack.production.config.js`
14 verbose stack Exit status 2
14 verbose stack     at EventEmitter.<anonymous> (/usr/local/lib/node_modules/npm/lib/utils/lifecycle.js:279:16)
14 verbose stack     at emitTwo (events.js:106:13)
14 verbose stack     at EventEmitter.emit (events.js:194:7)
14 verbose stack     at ChildProcess.<anonymous> (/usr/local/lib/node_modules/npm/lib/utils/spawn.js:40:14)
14 verbose stack     at emitTwo (events.js:106:13)
14 verbose stack     at ChildProcess.emit (events.js:194:7)
14 verbose stack     at maybeClose (internal/child_process.js:899:16)
14 verbose stack     at Process.ChildProcess._handle.onexit (internal/child_process.js:226:5)
15 verbose pkgid AGEM@1.0.0
16 verbose cwd /Users/pagem/Documents/workspace/agem
17 error Darwin 16.5.0
18 error argv "/usr/local/Cellar/node/7.7.3/bin/node" "/usr/local/bin/npm" "run" "deploy"
19 error node v7.7.3
20 error npm  v4.1.2
21 error code ELIFECYCLE
22 error AGEM@1.0.0 deploy: `webpack --config webpack.production.config.js`
22 error Exit status 2
23 error Failed at the AGEM@1.0.0 deploy script 'webpack --config webpack.production.config.js'.
23 error Make sure you have the latest version of node.js and npm installed.
23 error If you do, this is most likely a problem with the AGEM package,
23 error not with npm itself.
23 error Tell the author that this fails on your system:
23 error     webpack --config webpack.production.config.js
23 error You can get information on how to open an issue for this project with:
23 error     npm bugs AGEM
23 error Or if that isn't available, you can get their info via:
23 error     npm owner ls AGEM
23 error There is likely additional logging output above.
24 verbose exit [ 1, true ]
